Started by user [8mha:////4EyOSYhEtkhMPoi4hjjId1NdSYVXwPNkXZHjKiNJAvDVAAAAmR+LCAAAAAAAAP9b85aBtbiIQTGjNKU4P08vOT+vOD8nVc83PyU1x6OyILUoJzMv2y+/JJUBAhiZGBgqihhk0NSjKDWzXb3RdlLBUSYGJk8GtpzUvPSSDB8G5tKinBIGIZ+sxLJE/ZzEvHT94JKizLx0a6BxUmjGOUNodHsLgAyeEgY+/dLi1CKgGcWJ6XmpxQC7dV++wwAAAA==[0muntel pareil
Running as SYSTEM
Building in workspace /var/jenkins_home/workspace/bankonet tests
No credentials specified
 > git rev-parse --is-inside-work-tree # timeout=10
Fetching changes from the remote Git repository
 > git config remote.origin.url https://github.com/maximeGirma/bankonet.git # timeout=10
Fetching upstream changes from https://github.com/maximeGirma/bankonet.git
 > git --version # timeout=10
 > git fetch --tags --progress -- https://github.com/maximeGirma/bankonet.git +refs/heads/*:refs/remotes/origin/* # timeout=10
 > git rev-parse refs/remotes/origin/master^{commit} # timeout=10
 > git rev-parse refs/remotes/origin/origin/master^{commit} # timeout=10
Checking out Revision 43d4878e995274b89e859afb5f921b2ca7c90503 (refs/remotes/origin/master)
 > git config core.sparsecheckout # timeout=10
 > git checkout -f 43d4878e995274b89e859afb5f921b2ca7c90503 # timeout=10
Commit message: "test jenkins"
 > git rev-list --no-walk 43d4878e995274b89e859afb5f921b2ca7c90503 # timeout=10
[bankonet tests] $ mvn test
FATAL: command execution failed
java.io.IOException: error=2, No such file or directory
	at java.lang.UNIXProcess.forkAndExec(Native Method)
	at java.lang.UNIXProcess.<init>(UNIXProcess.java:247)
	at java.lang.ProcessImpl.start(ProcessImpl.java:134)
	at java.lang.ProcessBuilder.start(ProcessBuilder.java:1029)
Caused: java.io.IOException: Cannot run program "mvn" (in directory "/var/jenkins_home/workspace/bankonet tests"): error=2, No such file or directory
	at java.lang.ProcessBuilder.start(ProcessBuilder.java:1048)
	at hudson.Proc$LocalProc.<init>(Proc.java:250)
	at hudson.Proc$LocalProc.<init>(Proc.java:219)
	at hudson.Launcher$LocalLauncher.launch(Launcher.java:937)
	at hudson.Launcher$ProcStarter.start(Launcher.java:455)
	at hudson.Launcher$ProcStarter.join(Launcher.java:466)
	at hudson.tasks.Maven.perform(Maven.java:368)
	at hudson.tasks.BuildStepMonitor$1.perform(BuildStepMonitor.java:20)
	at hudson.model.AbstractBuild$AbstractBuildExecution.perform(AbstractBuild.java:741)
	at hudson.model.Build$BuildExecution.build(Build.java:206)
	at hudson.model.Build$BuildExecution.doRun(Build.java:163)
	at hudson.model.AbstractBuild$AbstractBuildExecution.run(AbstractBuild.java:504)
	at hudson.model.Run.execute(Run.java:1816)
	at hudson.model.FreeStyleBuild.run(FreeStyleBuild.java:43)
	at hudson.model.ResourceController.execute(ResourceController.java:97)
	at hudson.model.Executor.run(Executor.java:429)
Build step 'Invoke top-level Maven targets' marked build as failure
Finished: FAILURE
